# JRE version: Java(TM) SE Runtime Environment (14.0.1+7) (build 14.0.1+7)
# Java VM: Java HotSpot(TM) 64-Bit Server VM (14.0.1+7, mixed mode, sharing, tiered, compressed oops, g1 gc, windows-amd64)
Heap:
 garbage-first heap   total 262144K, used 157582K [0x00000000e0000000, 0x0000000100000000)
  region size 1024K, 117 young (119808K), 6 survivors (6144K)
 Metaspace       used 50881K, capacity 52141K, committed 52480K, reserved 299008K
  class space    used 6846K, capacity 7339K, committed 7424K, reserved 253952K
GC Heap History (14 events):
Event: 0.761 GC heap before
{Heap before GC invocations=0 (full 0):
 garbage-first heap   total 262144K, used 18432K [0x00000000e0000000, 0x0000000100000000)
  region size 1024K, 13 young (13312K), 0 survivors (0K)
 Metaspace       used 2287K, capacity 5609K, committed 5760K, reserved 262144K
  class space    used 274K, capacity 593K, committed 640K, reserved 253952K
}
Event: 0.767 GC heap after
{Heap after GC invocations=1 (full 0):
 garbage-first heap   total 262144K, used 8206K [0x00000000e0000000, 0x0000000100000000)
  region size 1024K, 2 young (2048K), 2 survivors (2048K)
 Metaspace       used 2287K, capacity 5609K, committed 5760K, reserved 262144K
  class space    used 274K, capacity 593K, committed 640K, reserved 253952K
}
Event: 1.227 GC heap before
{Heap before GC invocations=1 (full 0):
 garbage-first heap   total 262144K, used 21518K [0x00000000e0000000, 0x0000000100000000)
  region size 1024K, 15 young (15360K), 2 survivors (2048K)
 Metaspace       used 3996K, capacity 6752K, committed 7040K, reserved 262144K
  class space    used 516K, capacity 805K, committed 896K, reserved 253952K
}
Event: 1.232 GC heap after
{Heap after GC invocations=2 (full 0):
 garbage-first heap   total 262144K, used 8649K [0x00000000e0000000, 0x0000000100000000)
  region size 1024K, 1 young (1024K), 1 survivors (1024K)
 Metaspace       used 3996K, capacity 6752K, committed 7040K, reserved 262144K
  class space    used 516K, capacity 805K, committed 896K, reserved 253952K
}
Event: 1.653 GC heap before
{Heap before GC invocations=2 (full 0):
 garbage-first heap   total 262144K, used 31177K [0x00000000e0000000, 0x0000000100000000)
  region size 1024K, 24 young (24576K), 1 survivors (1024K)
 Metaspace       used 4361K, capacity 6968K, committed 7040K, reserved 262144K
  class space    used 583K, capacity 877K, committed 896K, reserved 253952K
}
Event: 1.658 GC heap after
{Heap after GC invocations=3 (full 0):
 garbage-first heap   total 262144K, used 12749K [0x00000000e0000000, 0x0000000100000000)
  region size 1024K, 3 young (3072K), 3 survivors (3072K)
 Metaspace       used 4361K, capacity 6968K, committed 7040K, reserved 262144K
  class space    used 583K, capacity 877K, committed 896K, reserved 253952K
}
Event: 8.780 GC heap before
{Heap before GC invocations=3 (full 0):
 garbage-first heap   total 262144K, used 123341K [0x00000000e0000000, 0x0000000100000000)
  region size 1024K, 112 young (114688K), 3 survivors (3072K)
 Metaspace       used 20529K, capacity 21119K, committed 21248K, reserved 272384K
  class space    used 3002K, capacity 3214K, committed 3328K, reserved 253952K
}
Event: 8.805 GC heap after
{Heap after GC invocations=4 (full 0):
 garbage-first heap   total 262144K, used 17746K [0x00000000e0000000, 0x0000000100000000)
  region size 1024K, 8 young (8192K), 8 survivors (8192K)
 Metaspace       used 20529K, capacity 21119K, committed 21248K, reserved 272384K
  class space    used 3002K, capacity 3214K, committed 3328K, reserved 253952K
}
Event: 15.465 GC heap before
{Heap before GC invocations=5 (full 0):
 garbage-first heap   total 262144K, used 131410K [0x00000000e0000000, 0x0000000100000000)
  region size 1024K, 118 young (120832K), 8 survivors (8192K)
 Metaspace       used 34950K, capacity 35760K, committed 35840K, reserved 284672K
  class space    used 4894K, capacity 5193K, committed 5248K, reserved 253952K
}
Event: 15.501 GC heap after
{Heap after GC invocations=6 (full 0):
 garbage-first heap   total 262144K, used 24249K [0x00000000e0000000, 0x0000000100000000)
  region size 1024K, 15 young (15360K), 15 survivors (15360K)
 Metaspace       used 34950K, capacity 35760K, committed 35840K, reserved 284672K
  class space    used 4894K, capacity 5193K, committed 5248K, reserved 253952K
}
Event: 26.914 GC heap before
{Heap before GC invocations=7 (full 0):
 garbage-first heap   total 262144K, used 165561K [0x00000000e0000000, 0x0000000100000000)
  region size 1024K, 153 young (156672K), 15 survivors (15360K)
 Metaspace       used 45763K, capacity 46905K, committed 46976K, reserved 294912K
  class space    used 6297K, capacity 6758K, committed 6784K, reserved 253952K
}
Event: 27.013 GC heap after
{Heap after GC invocations=8 (full 0):
 garbage-first heap   total 262144K, used 37955K [0x00000000e0000000, 0x0000000100000000)
  region size 1024K, 20 young (20480K), 20 survivors (20480K)
 Metaspace       used 45763K, capacity 46905K, committed 46976K, reserved 294912K
  class space    used 6297K, capacity 6758K, committed 6784K, reserved 253952K
}
Event: 37.717 GC heap before
{Heap before GC invocations=8 (full 0):
 garbage-first heap   total 262144K, used 174147K [0x00000000e0000000, 0x0000000100000000)
  region size 1024K, 153 young (156672K), 20 survivors (20480K)
 Metaspace       used 50066K, capacity 51350K, committed 51584K, reserved 299008K
  class space    used 6806K, capacity 7294K, committed 7296K, reserved 253952K
}
Event: 37.789 GC heap after
{Heap after GC invocations=9 (full 0):
 garbage-first heap   total 262144K, used 43918K [0x00000000e0000000, 0x0000000100000000)
  region size 1024K, 6 young (6144K), 6 survivors (6144K)
 Metaspace       used 50066K, capacity 51350K, committed 51584K, reserved 299008K
  class space    used 6806K, capacity 7294K, committed 7296K, reserved 253952K
}

